Arguments: 
  D:\Software\nodejs\node.exe D:\Software\yarn\bin\yarn.js build

PATH: 
  D:\Software\cmder\vendor\git-for-windows\mingw64\bin;D:\Software\cmder\vendor\git-for-windows\usr\bin;C:\Users\A\bin;C:\Windows\system32;C:\Windows;C:\Windows\System32\Wbem;C:\Windows\System32\WindowsPowerShell\v1.0;C:\Windows\System32\OpenSSH;C:\Program Files (x86)\NVIDIA Corporation\PhysX\Common;C:\Program Files\NVIDIA Corporation\NVIDIA NvDLISR;D:\Software\nodejs;D:\Software\yarn\bin;C:\Users\A\AppData\Local\Microsoft\WindowsApps;D:\英雄时刻\Microsoft VS Code\bin;C:\Users\A\AppData\Roaming\npm;C:\Users\A\AppData\Local\Yarn\bin

Yarn version: 
  1.22.5

Node version: 
  8.17.0

Platform: 
  win32 x64

Trace: 
  SyntaxError: D:\学习笔记\navigation\package.json: Unexpected token y in JSON at position 177
      at JSON.parse (<anonymous>)
      at D:\Software\yarn\lib\cli.js:1625:59
      at Generator.next (<anonymous>)
      at step (D:\Software\yarn\lib\cli.js:310:30)
      at D:\Software\yarn\lib\cli.js:321:13
      at <anonymous>

npm manifest: 
  {
    "scripts": { "build": "rm -rf dist && parcel build src/index.html --no-minify --public-url ./"},
    "devDependencies": {
      "cssnano": "^4.1.11"
    },
    "name": "navigation",yarn 
    "version": "1.0.0",
    "main": "index.js",
    "repository": "https://github.com/slimlong555/nav-1.git",
    "author": "slimlong <2374905674@qq.com>",
    "license": "MIT"
  }

yarn manifest: 
  No manifest

Lockfile: 
  No lockfile
